{
  "stats": {
    "suites": 1,
    "tests": 2,
    "passes": 2,
    "pending": 0,
    "failures": 0,
    "start": "2025-03-26T23:35:49.876Z",
    "end": "2025-03-26T23:36:00.493Z",
    "duration": 10617,
    "testsRegistered": 2,
    "passPercent": 100,
    "pendingPercent": 0,
    "other": 0,
    "hasOther": false,
    "skipped": 0,
    "hasSkipped": false
  },
  "results": [
    {
      "uuid": "2352a47a-e8a6-49a0-a776-949bfc2d8f41",
      "title": "",
      "fullFile": "cypress/e2e/carAndExpenses.cy.js",
      "file": "cypress/e2e/carAndExpenses.cy.js",
      "beforeHooks": [],
      "afterHooks": [],
      "tests": [],
      "suites": [
        {
          "uuid": "a552cd67-3ca5-4f9d-af1d-817fe5d7d558",
          "title": "Car and Expenses Tests",
          "fullFile": "",
          "file": "",
          "beforeHooks": [],
          "afterHooks": [],
          "tests": [
            {
              "title": "Add a car to garage",
              "fullTitle": "Car and Expenses Tests Add a car to garage",
              "timedOut": null,
              "duration": 6576,
              "state": "passed",
              "speed": "medium",
              "pass": true,
              "fail": false,
              "pending": false,
              "context": null,
              "code": "_GaragePage.default.addCar(this.data.carData);\n_GaragePage.default.getGarageItem().should('exist');",
              "err": {},
              "uuid": "1e9676f2-005d-4294-a207-a1c695eec94f",
              "parentUUID": "a552cd67-3ca5-4f9d-af1d-817fe5d7d558",
              "isHook": false,
              "skipped": false
            },
            {
              "title": "Add expense for the car",
              "fullTitle": "Car and Expenses Tests Add expense for the car",
              "timedOut": null,
              "duration": 3347,
              "state": "passed",
              "speed": "fast",
              "pass": true,
              "fail": false,
              "pending": false,
              "context": null,
              "code": "_GaragePage.default.clickAddExpense();\n_ExpensesPage.default.addExpense(this.data.expenseData);",
              "err": {},
              "uuid": "d5860e75-650d-49ff-8d54-af0fb0e7dd1d",
              "parentUUID": "a552cd67-3ca5-4f9d-af1d-817fe5d7d558",
              "isHook": false,
              "skipped": false
            }
          ],
          "suites": [],
          "passes": [
            "1e9676f2-005d-4294-a207-a1c695eec94f",
            "d5860e75-650d-49ff-8d54-af0fb0e7dd1d"
          ],
          "failures": [],
          "pending": [],
          "skipped": [],
          "duration": 9923,
          "root": false,
          "rootEmpty": false,
          "_timeout": 2000
        }
      ],
      "passes": [],
      "failures": [],
      "pending": [],
      "skipped": [],
      "duration": 0,
      "root": true,
      "rootEmpty": true,
      "_timeout": 2000
    }
  ],
  "meta": {
    "mocha": {
      "version": "7.0.1"
    },
    "mochawesome": {
      "options": {
        "quiet": false,
        "reportFilename": "mochawesome",
        "saveHtml": true,
        "saveJson": true,
        "consoleReporter": "spec",
        "useInlineDiffs": false,
        "code": true
      },
      "version": "7.1.3"
    },
    "marge": {
      "options": null,
      "version": "6.2.0"
    }
  }
}